<?xml version="1.0" encoding="utf-8"?><testsuites><testsuite name="pytest" errors="0" failures="0" skipped="0" tests="19" time="107.932" timestamp="2023-12-21T15:27:15.771045" hostname="raafat-crai"><testcase classname="tests.test_auto_ack.test_message_auto_ack" name="test_message_auto_ack" time="5.110" /><testcase classname="tests.test_concurrent.test_concurrent_consumers" name="test_concurrent_consumer" time="9.101" /><testcase classname="tests.test_concurrent.test_publisher" name="test_concurrent_consumer" time="0.004" /><testcase classname="tests.test_delay_and_dl_messages.test_dead_and_delay_letters" name="test_delay_and_dead_letters" time="15.129" /><testcase classname="tests.test_delay_and_dl_messages.test_dead_letters" name="test_dead_letters" time="12.156" /><testcase classname="tests.test_delay_and_dl_messages.test_delay_letters" name="test_delay_letter" time="6.083" /><testcase classname="tests.test_delay_and_dl_messages.test_exceptions" name="test_connection_exceptions" time="25.247" /><testcase classname="tests.test_delay_and_dl_messages.test_exceptions" name="test_exchange_exceptions" time="0.019" /><testcase classname="tests.test_delay_and_dl_messages.test_exceptions" name="test_queue_exceptions" time="0.006" /><testcase classname="tests.test_delay_and_dl_messages.test_exceptions" name="test_bind_exceptions" time="0.005" /><testcase classname="tests.test_delay_and_dl_messages.test_exceptions" name="test_active_exchange_exceptions" time="0.005" /><testcase classname="tests.test_delay_and_dl_messages.test_exceptions" name="test_active_queue_exceptions" time="0.005" /><testcase classname="tests.test_delay_and_dl_messages.test_quorum_delivery_limit" name="test_quorum_delivery_limit" time="2.191" /><testcase classname="tests.test_delay_and_dl_messages.test_redelivery_with_delay" name="test_redelivery_with_delay" time="17.137" /><testcase classname="tests.test_exchange_types.test_exchange_direct_workflow" name="test_direct_exchange_workflow" time="3.114" /><testcase classname="tests.test_exchange_types.test_exchange_headers_workflow" name="test_headers_exchange_workflow" time="5.112" /><testcase classname="tests.test_exchange_types.test_exchange_topic_workflow" name="test_topic_exchange_workflow" time="3.137" /><testcase classname="tests.test_exchange_types.test_for_readme" name="test_basic_workflow" time="2.079" /><testcase classname="tests.test_fast_setup.test_fast_setup" name="test_fast_setup" time="2.088" /></testsuite></testsuites>