<?xml version="1.0" encoding="utf-8"?><testsuites name="pytest tests"><testsuite name="pytest" errors="0" failures="0" skipped="0" tests="31" time="33.686" timestamp="2025-06-26T15:22:24.091982+00:00" hostname="fv-az1340-163"><testcase classname="tests.test_mrsal_async_no_tls" name="test_valid_message_processing" time="0.030" /><testcase classname="tests.test_mrsal_async_no_tls" name="test_invalid_payload_validation" time="0.024" /><testcase classname="tests.test_mrsal_async_no_tls" name="test_requeue_on_invalid_message" time="4.030" /><testcase classname="tests.test_mrsal_blocking_no_tls" name="test_retry_on_connection_failure_blocking" time="4.008" /><testcase classname="tests.test_mrsal_blocking_no_tls" name="test_valid_message_processing" time="0.008" /><testcase classname="tests.test_mrsal_blocking_no_tls" name="test_valid_message_processing_no_autoack" time="0.008" /><testcase classname="tests.test_mrsal_blocking_no_tls" name="test_invalid_message_skipped" time="0.009" /><testcase classname="tests.test_mrsal_blocking_no_tls" name="test_requeue_on_validation_failure" time="4.008" /><testcase classname="tests.test_mrsal_blocking_no_tls" name="test_publish_message" time="0.004" /><testcase classname="tests.test_mrsal_blocking_no_tls" name="test_publish_messages" time="0.004" /><testcase classname="tests.test_mrsal_blocking_no_tls" name="test_retry_on_unroutable_error" time="4.008" /><testcase classname="tests.test_mrsal_blocking_tls.TestBlockRabbitSSLSetup" name="test_ssl_setup_with_missing_paths" time="0.002" /><testcase classname="tests.test_mrsal_blocking_tls.TestBlockRabbitSSLSetup" name="test_ssl_setup_with_valid_paths" time="0.002" /><testcase classname="tests.test_mrsal_blocking_tls.TestBlockRabbitSSLSetup" name="test_ssl_setup_without_env_vars" time="0.002" /><testcase classname="tests.test_mrsal_dlx_retry.TestRetryMechanism" name="test_immediate_retry_params_exist" time="0.003" /><testcase classname="tests.test_mrsal_dlx_retry.TestRetryMechanism" name="test_retry_cycle_params_exist" time="0.003" /><testcase classname="tests.test_mrsal_dlx_retry.TestRetryMechanism" name="test_immediate_retry_delay" time="0.008" /><testcase classname="tests.test_mrsal_dlx_retry.TestRetryMechanism" name="test_validation_failure_with_retry_cycles_disabled" time="4.005" /><testcase classname="tests.test_mrsal_dlx_retry.TestRetryMechanism" name="test_validation_failure_with_retry_cycles_enabled" time="4.007" /><testcase classname="tests.test_mrsal_dlx_retry.TestRetryMechanism" name="test_callback_failure_triggers_retry" time="1.008" /><testcase classname="tests.test_mrsal_dlx_retry.TestRetryMechanism" name="test_successful_processing_acks_message" time="0.005" /><testcase classname="tests.test_mrsal_dlx_retry.TestAsyncRetryCycles" name="test_async_start_consumer_has_retry_cycle_params" time="0.010" /><testcase classname="tests.test_mrsal_dlx_retry.TestAsyncRetryCycles" name="test_async_immediate_retry_delay" time="0.016" /><testcase classname="tests.test_mrsal_dlx_retry.TestAsyncRetryCycles" name="test_async_validation_failure_with_cycles_disabled" time="4.019" /><testcase classname="tests.test_mrsal_dlx_retry.TestAsyncRetryCycles" name="test_async_successful_processing" time="0.013" /><testcase classname="tests.test_mrsal_dlx_retry.TestAsyncRetryCycles" name="test_async_callback_failure_retry_cycles" time="4.038" /><testcase classname="tests.test_mrsal_dlx_retry.TestDLXRetryHeaders" name="test_retry_cycle_info_extraction" time="0.001" /><testcase classname="tests.test_mrsal_dlx_retry.TestDLXRetryHeaders" name="test_retry_cycle_info_defaults" time="0.001" /><testcase classname="tests.test_mrsal_dlx_retry.TestDLXRetryHeaders" name="test_should_continue_retry_cycles_time_limit" time="0.001" /><testcase classname="tests.test_mrsal_dlx_retry.TestDLXRetryHeaders" name="test_should_continue_retry_cycles_disabled" time="0.001" /><testcase classname="tests.test_mrsal_dlx_retry.TestDLXRetryHeaders" name="test_create_retry_cycle_headers" time="0.001" /></testsuite></testsuites>