<?xml version="1.0" encoding="utf-8"?><testsuites name="pytest tests"><testsuite name="pytest" errors="0" failures="0" skipped="0" tests="26" time="8.529" timestamp="2025-06-08T12:44:25.198814+00:00" hostname="fv-az1618-464"><testcase classname="tests.test_mrsal_async_no_tls" name="test_valid_message_processing" time="0.029" /><testcase classname="tests.test_mrsal_async_no_tls" name="test_invalid_payload_validation" time="0.022" /><testcase classname="tests.test_mrsal_async_no_tls" name="test_requeue_on_invalid_message" time="0.023" /><testcase classname="tests.test_mrsal_blocking_no_tls" name="test_retry_on_connection_failure_blocking" time="4.007" /><testcase classname="tests.test_mrsal_blocking_no_tls" name="test_valid_message_processing" time="0.008" /><testcase classname="tests.test_mrsal_blocking_no_tls" name="test_valid_message_processing_no_autoack" time="0.008" /><testcase classname="tests.test_mrsal_blocking_no_tls" name="test_invalid_message_skipped" time="0.008" /><testcase classname="tests.test_mrsal_blocking_no_tls" name="test_requeue_on_validation_failure" time="0.009" /><testcase classname="tests.test_mrsal_blocking_no_tls" name="test_publish_message" time="0.004" /><testcase classname="tests.test_mrsal_blocking_no_tls" name="test_publish_messages" time="0.004" /><testcase classname="tests.test_mrsal_blocking_no_tls" name="test_retry_on_unroutable_error" time="4.008" /><testcase classname="tests.test_mrsal_blocking_tls.TestBlockRabbitSSLSetup" name="test_ssl_setup_with_missing_paths" time="0.002" /><testcase classname="tests.test_mrsal_blocking_tls.TestBlockRabbitSSLSetup" name="test_ssl_setup_with_valid_paths" time="0.002" /><testcase classname="tests.test_mrsal_blocking_tls.TestBlockRabbitSSLSetup" name="test_ssl_setup_without_env_vars" time="0.002" /><testcase classname="tests.test_mrsal_dlx_retry.TestDLXConfiguration" name="test_dlx_enabled_by_default" time="0.001" /><testcase classname="tests.test_mrsal_dlx_retry.TestDLXConfiguration" name="test_dlx_can_be_disabled" time="0.001" /><testcase classname="tests.test_mrsal_dlx_retry.TestDLXConfiguration" name="test_dlx_setup_in_exchange_and_queue" time="0.002" /><testcase classname="tests.test_mrsal_dlx_retry.TestDLXConfiguration" name="test_custom_dlx_name" time="0.002" /><testcase classname="tests.test_mrsal_dlx_retry.TestQuorumQueues" name="test_quorum_enabled_by_default" time="0.001" /><testcase classname="tests.test_mrsal_dlx_retry.TestQuorumQueues" name="test_quorum_queue_arguments" time="0.002" /><testcase classname="tests.test_mrsal_dlx_retry.TestRetryMechanism" name="test_max_retries_setting" time="0.001" /><testcase classname="tests.test_mrsal_dlx_retry.TestRetryMechanism" name="test_successful_processing_no_retry" time="0.005" /><testcase classname="tests.test_mrsal_dlx_retry.TestRetryMechanism" name="test_validation_failure_with_dlx" time="0.005" /><testcase classname="tests.test_mrsal_dlx_retry.TestRetryMechanism" name="test_validation_failure_without_dlx" time="0.008" /><testcase classname="tests.test_mrsal_dlx_retry.TestIntegration" name="test_complete_consumer_setup_with_defaults" time="0.006" /><testcase classname="tests.test_mrsal_dlx_retry.TestIntegration" name="test_minimal_setup_all_disabled" time="0.001" /></testsuite></testsuites>